[debug] [2025-07-30T14:48:54.952Z] ----------------------------------------------------------------------
[debug] [2025-07-30T14:48:54.954Z] Command:       /opt/homebrew/Cellar/node/23.11.0/bin/node /opt/homebrew/bin/firebase deploy
[debug] [2025-07-30T14:48:54.954Z] CLI Version:   14.11.1
[debug] [2025-07-30T14:48:54.954Z] Platform:      darwin
[debug] [2025-07-30T14:48:54.954Z] Node Version:  v23.11.0
[debug] [2025-07-30T14:48:54.954Z] Time:          Wed Jul 30 2025 23:48:54 GMT+0900 (日本標準時)
[debug] [2025-07-30T14:48:54.954Z] ----------------------------------------------------------------------
[debug] 
[debug] [2025-07-30T14:48:54.955Z] >>> [apiv2][query] GET https://firebase-public.firebaseio.com/cli.json [none]
[debug] [2025-07-30T14:48:55.052Z] > command requires scopes: ["email","openid","https://www.googleapis.com/auth/cloudplatformprojects.readonly","https://www.googleapis.com/auth/firebase","https://www.googleapis.com/auth/cloud-platform"]
[debug] [2025-07-30T14:48:55.052Z] > authorizing via signed-in user (kaito.nishimura@ns-souken.com)
[debug] [2025-07-30T14:48:55.052Z] [iam] checking project nishimura-souken for permissions ["firebase.projects.get","firebasehosting.sites.update"]
[debug] [2025-07-30T14:48:55.052Z] Checked if tokens are valid: false, expires at: 1753521270282
[debug] [2025-07-30T14:48:55.052Z] Checked if tokens are valid: false, expires at: 1753521270282
[debug] [2025-07-30T14:48:55.052Z] > refreshing access token with scopes: []
[debug] [2025-07-30T14:48:55.053Z] >>> [apiv2][query] POST https://www.googleapis.com/oauth2/v3/token [none]
[debug] [2025-07-30T14:48:55.053Z] >>> [apiv2][body] POST https://www.googleapis.com/oauth2/v3/token [omitted]
[debug] [2025-07-30T14:48:55.280Z] <<< [apiv2][status] POST https://www.googleapis.com/oauth2/v3/token 400
[debug] [2025-07-30T14:48:55.280Z] <<< [apiv2][body] POST https://www.googleapis.com/oauth2/v3/token [omitted]
[error] Authentication Error: Your credentials are no longer valid. Please run firebase login --reauth

For CI servers and headless environments, generate a new token with firebase login:ci
[error] Authentication Error: Your credentials are no longer valid. Please run firebase login --reauth

For CI servers and headless environments, generate a new token with firebase login:ci
[debug] [2025-07-30T14:48:55.281Z] [iam] error while checking permissions, command may fail: Authentication Error: Your credentials are no longer valid. Please run firebase login --reauth

For CI servers and headless environments, generate a new token with firebase login:ci
[debug] [2025-07-30T14:48:55.281Z] Checked if tokens are valid: false, expires at: 1753521270282
[debug] [2025-07-30T14:48:55.281Z] Checked if tokens are valid: false, expires at: 1753521270282
[debug] [2025-07-30T14:48:55.281Z] > refreshing access token with scopes: []
[debug] [2025-07-30T14:48:55.282Z] >>> [apiv2][query] POST https://www.googleapis.com/oauth2/v3/token [none]
[debug] [2025-07-30T14:48:55.282Z] >>> [apiv2][body] POST https://www.googleapis.com/oauth2/v3/token [omitted]
[debug] [2025-07-30T14:48:55.378Z] <<< [apiv2][status] POST https://www.googleapis.com/oauth2/v3/token 400
[debug] [2025-07-30T14:48:55.379Z] <<< [apiv2][body] POST https://www.googleapis.com/oauth2/v3/token [omitted]
[error] Authentication Error: Your credentials are no longer valid. Please run firebase login --reauth

For CI servers and headless environments, generate a new token with firebase login:ci
[error] Authentication Error: Your credentials are no longer valid. Please run firebase login --reauth

For CI servers and headless environments, generate a new token with firebase login:ci
[debug] [2025-07-30T14:48:55.379Z] Authentication Error: Your credentials are no longer valid. Please run firebase login --reauth

For CI servers and headless environments, generate a new token with firebase login:ci
[error] 
[error] Error: Assertion failed: resolving hosting target of a site with no site name or target name. This should have caused an error earlier
[debug] [2025-07-30T14:48:55.412Z] <<< [apiv2][status] GET https://firebase-public.firebaseio.com/cli.json 200
[debug] [2025-07-30T14:48:55.412Z] <<< [apiv2][body] GET https://firebase-public.firebaseio.com/cli.json {"cloudBuildErrorAfter":1594252800000,"cloudBuildWarnAfter":1590019200000,"defaultNode10After":1594252800000,"minVersion":"3.0.5","node8DeploysDisabledAfter":1613390400000,"node8RuntimeDisabledAfter":1615809600000,"node8WarnAfter":1600128000000}
